{"C:\\Users\\henri\\node-js\\Dia 05 - Prática em testes\\exercicio01.js": {"path":"C:\\Users\\henri\\node-js\\Dia 05 - Prática em testes\\exercicio01.js","statementMap":{"0":{"start":{"line":14,"column":4},"end":{"line":20,"column":5}},"1":{"start":{"line":15,"column":28},"end":{"line":15,"column":42}},"2":{"start":{"line":16,"column":8},"end":{"line":16,"column":28}},"3":{"start":{"line":17,"column":10},"end":{"line":20,"column":5}},"4":{"start":{"line":18,"column":28},"end":{"line":18,"column":42}},"5":{"start":{"line":19,"column":8},"end":{"line":19,"column":28}},"6":{"start":{"line":23,"column":0},"end":{"line":23,"column":32}}},"fnMap":{"0":{"name":"retornarGasto","decl":{"start":{"line":10,"column":9},"end":{"line":10,"column":22}},"loc":{"start":{"line":10,"column":50},"end":{"line":21,"column":1}},"line":10}},"branchMap":{"0":{"loc":{"start":{"line":14,"column":4},"end":{"line":20,"column":5}},"type":"if","locations":[{"start":{"line":14,"column":4},"end":{"line":20,"column":5}},{"start":{"line":17,"column":10},"end":{"line":20,"column":5}}],"line":14},"1":{"loc":{"start":{"line":14,"column":7},"end":{"line":14,"column":53}},"type":"binary-expr","locations":[{"start":{"line":14,"column":7},"end":{"line":14,"column":36}},{"start":{"line":14,"column":40},"end":{"line":14,"column":53}}],"line":14},"2":{"loc":{"start":{"line":17,"column":10},"end":{"line":20,"column":5}},"type":"if","locations":[{"start":{"line":17,"column":10},"end":{"line":20,"column":5}},{"start":{},"end":{}}],"line":17},"3":{"loc":{"start":{"line":17,"column":13},"end":{"line":17,"column":57}},"type":"binary-expr","locations":[{"start":{"line":17,"column":13},"end":{"line":17,"column":40}},{"start":{"line":17,"column":44},"end":{"line":17,"column":57}}],"line":17}},"s":{"0":2,"1":1,"2":1,"3":1,"4":1,"5":1,"6":1},"f":{"0":2},"b":{"0":[1,1],"1":[2,1],"2":[1,0],"3":[1,1]},"_coverageSchema":"1a1c01bbd47fc00a2c39e90264f33305004495a9","hash":"37aadd236da36bbfaf5fe5573fa1479250301e46"}
}
